app/build/intermediates/manifest_merge_blame_file/release/manifest-merger-blame-release-report.txt
1<?xml version="1.0" encoding="utf-8"?>
2<manifest xmlns:android="http://schemas.android.com/apk/res/android"
3    package="com.example.smswipe"
4    android:versionCode="1"
5    android:versionName="1.0" >
6
7    <uses-sdk
8        android:minSdkVersion="21"
9        android:targetSdkVersion="33" />
10    <!-- Other elements -->
11    <receiver
11-->src/main/AndroidManifest.xml:3:5-13:16
12        android:name="com.example.smswipe.MyDeviceAdminReceiver"
12-->src/main/AndroidManifest.xml:4:9-46
13        android:exported="true"
13-->src/main/AndroidManifest.xml:6:9-32
14        android:permission="android.permission.BIND_DEVICE_ADMIN" > <!-- Set to true since it’s a device admin receiver -->
14-->src/main/AndroidManifest.xml:5:9-66
15        <meta-data
15-->src/main/AndroidManifest.xml:7:9-9:56
16            android:name="android.app.device_admin"
16-->src/main/AndroidManifest.xml:8:13-52
17            android:resourceName="@xml/device_admin" />
17-->src/main/AndroidManifest.xml:9:13-53
18
19        <intent-filter>
19-->src/main/AndroidManifest.xml:10:9-12:25
20            <action android:name="android.app.action.DEVICE_ADMIN_ENABLED" />
20-->src/main/AndroidManifest.xml:11:13-78
20-->src/main/AndroidManifest.xml:11:21-75
21        </intent-filter>
22    </receiver>
23
24    <permission
24-->[androidx.core:core:1.13.0] AndroidManifest.xml:22:5-24:47
25        android:name="com.example.smswipe.DYNAMIC_RECEIVER_NOT_EXPORTED_PERMISSION"
25-->[androidx.core:core:1.13.0] AndroidManifest.xml:23:9-81
26        android:protectionLevel="signature" />
26-->[androidx.core:core:1.13.0] AndroidManifest.xml:24:9-44
27
28    <uses-permission android:name="com.example.smswipe.DYNAMIC_RECEIVER_NOT_EXPORTED_PERMISSION" /> <!-- Other elements -->
28-->[androidx.core:core:1.13.0] AndroidManifest.xml:26:5-97
28-->[androidx.core:core:1.13.0] AndroidManifest.xml:26:22-94
29    <application
30        android:appComponentFactory="androidx.core.app.CoreComponentFactory"
30-->[androidx.core:core:1.13.0] AndroidManifest.xml:28:18-86
31        android:extractNativeLibs="true" >
32        <provider
32-->[androidx.emoji2:emoji2:1.3.0] AndroidManifest.xml:24:9-32:20
33            android:name="androidx.startup.InitializationProvider"
33-->[androidx.emoji2:emoji2:1.3.0] AndroidManifest.xml:25:13-67
34            android:authorities="com.example.smswipe.androidx-startup"
34-->[androidx.emoji2:emoji2:1.3.0] AndroidManifest.xml:26:13-68
35            android:exported="false" >
35-->[androidx.emoji2:emoji2:1.3.0] AndroidManifest.xml:27:13-37
36            <meta-data
36-->[androidx.emoji2:emoji2:1.3.0] AndroidManifest.xml:29:13-31:52
37                android:name="androidx.emoji2.text.EmojiCompatInitializer"
37-->[androidx.emoji2:emoji2:1.3.0] AndroidManifest.xml:30:17-75
38                android:value="androidx.startup" />
38-->[androidx.emoji2:emoji2:1.3.0] AndroidManifest.xml:31:17-49
39            <meta-data
39-->[androidx.lifecycle:lifecycle-process:2.6.2] AndroidManifest.xml:29:13-31:52
40                android:name="androidx.lifecycle.ProcessLifecycleInitializer"
40-->[androidx.lifecycle:lifecycle-process:2.6.2] AndroidManifest.xml:30:17-78
41                android:value="androidx.startup" />
41-->[androidx.lifecycle:lifecycle-process:2.6.2] AndroidManifest.xml:31:17-49
42            <meta-data
42-->[androidx.profileinstaller:profileinstaller:1.3.1] AndroidManifest.xml:29:13-31:52
43                android:name="androidx.profileinstaller.ProfileInstallerInitializer"
43-->[androidx.profileinstaller:profileinstaller:1.3.1] AndroidManifest.xml:30:17-85
44                android:value="androidx.startup" />
44-->[androidx.profileinstaller:profileinstaller:1.3.1] AndroidManifest.xml:31:17-49
45        </provider>
46
47        <receiver
47-->[androidx.profileinstaller:profileinstaller:1.3.1] AndroidManifest.xml:34:9-52:20
48            android:name="androidx.profileinstaller.ProfileInstallReceiver"
48-->[androidx.profileinstaller:profileinstaller:1.3.1] AndroidManifest.xml:35:13-76
49            android:directBootAware="false"
49-->[androidx.profileinstaller:profileinstaller:1.3.1] AndroidManifest.xml:36:13-44
50            android:enabled="true"
50-->[androidx.profileinstaller:profileinstaller:1.3.1] AndroidManifest.xml:37:13-35
51            android:exported="true"
51-->[androidx.profileinstaller:profileinstaller:1.3.1] AndroidManifest.xml:38:13-36
52            android:permission="android.permission.DUMP" >
52-->[androidx.profileinstaller:profileinstaller:1.3.1] AndroidManifest.xml:39:13-57
53            <intent-filter>
53-->[androidx.profileinstaller:profileinstaller:1.3.1] AndroidManifest.xml:40:13-42:29
54                <action android:name="androidx.profileinstaller.action.INSTALL_PROFILE" />
54-->[androidx.profileinstaller:profileinstaller:1.3.1] AndroidManifest.xml:41:17-91
54-->[androidx.profileinstaller:profileinstaller:1.3.1] AndroidManifest.xml:41:25-88
55            </intent-filter>
56            <intent-filter>
56-->[androidx.profileinstaller:profileinstaller:1.3.1] AndroidManifest.xml:43:13-45:29
57                <action android:name="androidx.profileinstaller.action.SKIP_FILE" />
57-->[androidx.profileinstaller:profileinstaller:1.3.1] AndroidManifest.xml:44:17-85
57-->[androidx.profileinstaller:profileinstaller:1.3.1] AndroidManifest.xml:44:25-82
58            </intent-filter>
59            <intent-filter>
59-->[androidx.profileinstaller:profileinstaller:1.3.1] AndroidManifest.xml:46:13-48:29
60                <action android:name="androidx.profileinstaller.action.SAVE_PROFILE" />
60-->[androidx.profileinstaller:profileinstaller:1.3.1] AndroidManifest.xml:47:17-88
60-->[androidx.profileinstaller:profileinstaller:1.3.1] AndroidManifest.xml:47:25-85
61            </intent-filter>
62            <intent-filter>
62-->[androidx.profileinstaller:profileinstaller:1.3.1] AndroidManifest.xml:49:13-51:29
63                <action android:name="androidx.profileinstaller.action.BENCHMARK_OPERATION" />
63-->[androidx.profileinstaller:profileinstaller:1.3.1] AndroidManifest.xml:50:17-95
63-->[androidx.profileinstaller:profileinstaller:1.3.1] AndroidManifest.xml:50:25-92
64            </intent-filter>
65        </receiver>
66    </application>
67
68</manifest>